#
# A fatal error has been detected by the Java Runtime Environment:
#
#  EXCEPTION_ACCESS_VIOLATION (0xc0000005) at pc=0x00007fff81c526c4, pid=5852, tid=15148
#
# JRE version: OpenJDK Runtime Environment (24.0.1+9) (build 24.0.1+9-30)
# Java VM: OpenJDK 64-Bit Server VM (24.0.1+9-30, mixed mode, emulated-client, sharing, tiered, compressed oops, compressed class ptrs, g1 gc, windows-amd64)
# Problematic frame:
# C  [libasyncProfiler.dll+0x926c4]
#
# No core dump will be written. Minidumps are not enabled by default on client versions of Windows
#
# JFR recording file will be written. Location: C:\Users\beatr\Downloads\PFC-dev\hs_err_pid5852.jfr
#
# If you would like to submit a bug report, please visit:
#   https://bugreport.java.com/bugreport/crash.jsp
# The crash happened outside the Java Virtual Machine in native code.
# See problematic frame for where to report the bug.
#

---------------  S U M M A R Y ------------

Command Line: --enable-preview -XX:TieredStopAtLevel=1 -Dspring.output.ansi.enabled=always -Dcom.sun.management.jmxremote -Dspring.jmx.enabled=true -Dspring.liveBeansView.mbeanDomain -Dspring.application.admin.enabled=true -Dmanagement.endpoints.jmx.exposure.include=* -javaagent:C:\Program Files\JetBrains\IntelliJ IDEA 2024.3\lib\idea_rt.jar=50558 -agentpath:C:\Users\beatr\AppData\Local\Temp\idea_libasyncProfiler_dll_temp_folder5\libasyncProfiler.dll=start,jfr,event=wall,interval=10ms,jfrsync=profile,cstack=no,file=C:\Users\beatr\IdeaSnapshots\Application_2025_05_20_162642.jfr,dbghelppath=C:\Users\beatr\AppData\Local\Temp\idea_dbghelp_dll_temp_folder\dbghelp.dll,log=C:\Users\beatr\AppData\Local\Temp\Application_2025_05_20_162642.jfr.log.txt,logLevel=DEBUG -Dfile.encoding=UTF-8 -Dsun.stdout.encoding=UTF-8 -Dsun.stderr.encoding=UTF-8 br.com.umc.apollopesquisas.Application

Host: 12th Gen Intel(R) Core(TM) i5-12400, 12 cores, 31G,  Windows 11 , 64 bit Build 26100 (10.0.26100.3912)
Time: Tue May 20 16:26:43 2025 E. South America Standard Time elapsed time: 0.288957 seconds (0d 0h 0m 0s)

---------------  T H R E A D  ---------------

Current thread (0x000001f5e37ee2c0):  JavaThread "main"             [_thread_in_native, id=15148, stack(0x000000ab0f700000,0x000000ab0f800000) (1024K)]

Stack: [0x000000ab0f700000,0x000000ab0f800000],  sp=0x000000ab0f7fe6e0,  free space=1017k
Native frames: (J=compiled Java code, j=interpreted, Vv=VM code, C=native code)
C  [libasyncProfiler.dll+0x926c4]  (no source info available)
C  [libasyncProfiler.dll+0x92b9b]  (no source info available)
C  [libasyncProfiler.dll+0x917f4]  (no source info available)
C  [libasyncProfiler.dll+0x9206a]  (no source info available)
C  [libasyncProfiler.dll+0x8cc21]  (no source info available)
C  [libasyncProfiler.dll+0x7e5e1]  (no source info available)
C  [libasyncProfiler.dll+0x7d2f8]  (no source info available)
C  [libasyncProfiler.dll+0x7d1e0]  (no source info available)
C  [libasyncProfiler.dll+0x832fc]  (no source info available)
V  [jvm.dll+0x5e38de]  (no source info available)
V  [jvm.dll+0x886056]  (no source info available)
V  [jvm.dll+0x495f3e]  (no source info available)
V  [jvm.dll+0x497d11]  (no source info available)
C  [jli.dll+0x52a1]  (no source info available)
C  [ucrtbase.dll+0x37b0]  (no source info available)
C  [KERNEL32.DLL+0x2e8d7]  (no source info available)
C  [ntdll.dll+0x9c5dc]  (no source info available)


siginfo: EXCEPTION_ACCESS_VIOLATION (0xc0000005), reading address 0xffffffffffffffff


Registers:
RAX=0x0000000000000010, RBX=0x0000000000000000, RCX=0xffffffffffffffff, RDX=0x007fff8281300010
RSP=0x000000ab0f7fe6e0, RBP=0x000001f5c528ac58, RSI=0x000000ab0f7fe850, RDI=0x000001f5c528ac58
R8 =0x0000000000000042, R9 =0x0000000623001ed8, R10=0x00007fff82a89fb0, R11=0x0000000000000002
R12=0x000000ab0f7fe850, R13=0x000001f5e13d6000, R14=0x000001f5e37ee688, R15=0x000001f5e37ee688
RIP=0x00007fff81c526c4, EFLAGS=0x0000000000010202

XMM[0]=0x0000000000000000 0x0000000000000000
XMM[1]=0x0000000000000000 0x0000000000000000
XMM[2]=0x0000000000000000 0x0000000000000000
XMM[3]=0x0000000000000000 0x0000000000000000
XMM[4]=0x0000000000000000 0x0000000000000000
XMM[5]=0x0000000000000000 0x0000000000000000
XMM[6]=0x0000000000000000 0x0000000000000000
XMM[7]=0x0000000000000000 0x0000000000000000
XMM[8]=0x0000000000000000 0x0000000000000000
XMM[9]=0x0000000000000000 0x0000000000000000
XMM[10]=0x0000000000000000 0x0000000000000000
XMM[11]=0x0000000000000000 0x0000000000000000
XMM[12]=0x0000000000000000 0x0000000000000000
XMM[13]=0x0000000000000000 0x0000000000000000
XMM[14]=0x0000000000000000 0x0000000000000000
XMM[15]=0x0000000000000000 0x0000000000000000
  MXCSR=0x00001fa0


Register to memory mapping:

RAX=0x0000000000000010 is an unknown value
RBX=0x0 is null
RCX=0xffffffffffffffff is an unknown value
RDX=0x007fff8281300010 is an unknown value
RSP=0x000000ab0f7fe6e0 is pointing into the stack for thread: 0x000001f5e37ee2c0
RBP=0x000001f5c528ac58 points into unknown readable memory: 0x0000000623001ed8 | d8 1e 00 23 06 00 00 00
RSI=0x000000ab0f7fe850 is pointing into the stack for thread: 0x000001f5e37ee2c0
RDI=0x000001f5c528ac58 points into unknown readable memory: 0x0000000623001ed8 | d8 1e 00 23 06 00 00 00
R8 =0x0000000000000042 is an unknown value
R9 =0x0000000623001ed8 is an oop: java.lang.Thread 
{0x0000000623001ed8} - klass: 'java/lang/Thread' - flags: 

 - ---- fields (total size 14 words):
 - 'threadLocalRandomProbe' 'I' @12  0 (0x00000000)
 - private volatile 'eetop' 'J' @16  2155595358912 (0x000001f5e37ee2c0)
 - private final 'tid' 'J' @24  3 (0x0000000000000003)
 - 'threadLocalRandomSeed' 'J' @32  0 (0x0000000000000000)
 - injected 'jvmti_thread_state' 'J' @40  2156020050384 (0x000001f5fccf29d0)
 - 'threadLocalRandomSecondarySeed' 'I' @48  0 (0x00000000)
 - injected 'jvmti_VTMS_transition_disable_count' 'I' @52  0 (0x00000000)
 - injected 'jfr_epoch' 'S' @56  0 (0x0000)
 - volatile 'interrupted' 'Z' @58  false (0x00)
 - injected 'jvmti_is_in_VTMS_transition' 'Z' @59  false (0x00)
 - private volatile 'name' 'Ljava/lang/String;' @60  "main"{0x0000000623001f48} (0xc46003e9)
 - private volatile 'contextClassLoader' 'Ljava/lang/ClassLoader;' @64  a 'jdk/internal/loader/ClassLoaders$AppClassLoader'{0x00000006230363d8} (0xc4606c7b)
 - private final 'holder' 'Ljava/lang/Thread$FieldHolder;' @68  a 'java/lang/Thread$FieldHolder'{0x0000000623001f88} (0xc46003f1)
 - 'threadLocals' 'Ljava/lang/ThreadLocal$ThreadLocalMap;' @72  a 'java/lang/ThreadLocal$ThreadLocalMap'{0x0000000622c34748} (0xc45868e9)
 - 'inheritableThreadLocals' 'Ljava/lang/ThreadLocal$ThreadLocalMap;' @76  null (0x00000000)
 - private 'scopedValueBindings' 'Ljava/lang/Object;' @80  a 'java/lang/Class'{0x00000007ffc7c258} = 'java/lang/Thread' (0xfff8f84b)
 - final 'interruptLock' 'Ljava/lang/Object;' @84  a 'java/lang/Object'{0x0000000623001f78} (0xc46003ef)
 - private volatile 'parkBlocker' 'Ljava/lang/Object;' @88  null (0x00000000)
 - private 'nioBlocker' 'Lsun/nio/ch/Interruptible;' @92  null (0x00000000)
 - private 'cont' 'Ljdk/internal/vm/Continuation;' @96  null (0x00000000)
 - private volatile 'uncaughtExceptionHandler' 'Ljava/lang/Thread$UncaughtExceptionHandler;' @100  null (0x00000000)
 - private 'container' 'Ljdk/internal/vm/ThreadContainer;' @104  null (0x00000000)
 - private volatile 'headStackableScopes' 'Ljdk/internal/vm/StackableScope;' @108  null (0x00000000)
R10=0x00007fff82a89fb0 jvm.dll
R11=0x0000000000000002 is an unknown value
R12=0x000000ab0f7fe850 is pointing into the stack for thread: 0x000001f5e37ee2c0
R13=0x000001f5e13d6000 points into unknown readable memory: 0x00007fff829fa510 | 10 a5 9f 82 ff 7f 00 00
R14=0x000001f5e37ee688 points into unknown readable memory: 0x00007fff829f17b0 | b0 17 9f 82 ff 7f 00 00
R15=0x000001f5e37ee688 points into unknown readable memory: 0x00007fff829f17b0 | b0 17 9f 82 ff 7f 00 00

Top of Stack: (sp=0x000000ab0f7fe6e0)
0x000000ab0f7fe6e0:   000000ab0f7fe850 000001f5c528ac58   P.......X.(.....
0x000000ab0f7fe6f0:   0000000000000000 000001f5e37eea10   ..........~.....
0x000000ab0f7fe700:   000000000000001a 00007fff81c52b9b   .........+......
0x000000ab0f7fe710:   0000000000000000 000001f5e37ee688   ..........~.....
0x000000ab0f7fe720:   000000ab0f7fe801 0000000000000000   ................
0x000000ab0f7fe730:   000001f5c6bcf9d0 00007fff81c517f4   ................
0x000000ab0f7fe740:   0000000000000000 000000000000001a   ................
0x000000ab0f7fe750:   0000000000000000 000000000000001a   ................
0x000000ab0f7fe760:   0000000a00000002 000001f5c6bb53b0   .........S......
0x000000ab0f7fe770:   000001f5c6bcf9d0 000001f5c6bcfa38   ........8.......
0x000000ab0f7fe780:   000001f5c6bcfa40 000000000000362c   @.......,6......
0x000000ab0f7fe790:   0000000000000000 0000000000000000   ................
0x000000ab0f7fe7a0:   0000000000000000 00007fff822557d4   .........W%.....
0x000000ab0f7fe7b0:   00007fff81d94ca0 00000000000016dc   .L..............
0x000000ab0f7fe7c0:   00007fff81d94ca0 00000000ffffffff   .L..............
0x000000ab0f7fe7d0:   0000000000000000 00007fff81c5206a   ........j ......
0x000000ab0f7fe7e0:   000001f5e37ee688 0000000000000000   ..~.............
0x000000ab0f7fe7f0:   000000ab0f7fe859 000001f5e13d6000   Y........`=.....
0x000000ab0f7fe800:   000001f5c7d33040 000001f5e12e0000   @0..............
0x000000ab0f7fe810:   000001f5c7d33040 00007fffd0929fc9   @0..............
0x000000ab0f7fe820:   000001f5e37ee688 00007fff81d94ca0   ..~......L......
0x000000ab0f7fe830:   00007fff81d3f0d8 00007fff81d3f0c8   ................
0x000000ab0f7fe840:   0000000000000000 000001f5e37ee688   ..........~.....
0x000000ab0f7fe850:   000001f5c6c15d60 000001f5c6c160a0   `].......`......
0x000000ab0f7fe860:   000001f5c6c160a0 00007fff81d94ca0   .`.......L......
0x000000ab0f7fe870:   000001f5e3759c88 000000ab0f7fe9e8   ..u.............
0x000000ab0f7fe880:   000000ab0f7feb20 0000000000008840    .......@.......
0x000000ab0f7fe890:   00007fff81d87080 00007fff81d94cf0   .p.......L......
0x000000ab0f7fe8a0:   0000000000989680 0000000000989680   ................
0x000000ab0f7fe8b0:   000000ab0f7fe9c0 00007fff81c4cc21   ........!.......
0x000000ab0f7fe8c0:   00007fff81d94ca0 00007fff81d94cf8   .L.......L......
0x000000ab0f7fe8d0:   00007fff00000000 007f2fde00000001   ............./..

Instructions: (pc=0x00007fff81c526c4)
  0x00007fff81c525c4:   cc cc cc cc cc cc cc cc cc cc cc cc cc cc cc cc
  0x00007fff81c525d4:   cc cc cc cc cc cc cc cc cc cc cc cc cc cc cc cc
  0x00007fff81c525e4:   cc cc cc cc cc cc cc cc cc cc cc cc cc cc cc cc
  0x00007fff81c525f4:   cc cc cc cc cc cc cc cc cc cc cc cc cc cc cc cc
  0x00007fff81c52604:   cc cc cc cc cc cc cc cc cc cc cc cc cc cc cc cc
  0x00007fff81c52614:   cc cc cc cc cc cc cc cc cc cc cc cc cc cc cc cc
  0x00007fff81c52624:   cc cc cc cc cc cc cc cc cc cc cc cc cc cc cc cc
  0x00007fff81c52634:   cc cc cc cc cc cc cc cc cc cc cc cc cc cc cc cc
  0x00007fff81c52644:   cc cc cc cc cc cc cc cc cc cc cc cc 40 57 48 83
  0x00007fff81c52654:   ec 20 48 8b f9 48 8b 0d 10 28 14 00 48 85 c9 74
  0x00007fff81c52664:   20 48 8b 01 48 8d 54 24 38 41 b8 06 00 01 00 4c
  0x00007fff81c52674:   8b 48 30 41 ff d1 85 c0 75 07 48 8b 4c 24 38 eb
  0x00007fff81c52684:   02 33 c9 4c 8b 05 ea 28 14 00 48 89 5c 24 30 4d
  0x00007fff81c52694:   85 c0 74 4a 48 8b 01 48 8b d7 4c 8b 88 28 03 00
  0x00007fff81c526a4:   00 41 ff d1 48 85 c0 74 35 48 63 0d f8 e6 13 00
  0x00007fff81c526b4:   48 8b 14 01 48 85 d2 74 15 48 63 05 fc e6 13 00
=>0x00007fff81c526c4:   8b 04 10 48 8b 5c 24 30 48 83 c4 20 5f c3 b8 ff
  0x00007fff81c526d4:   ff ff ff 48 8b 5c 24 30 48 83 c4 20 5f c3 80 3d
  0x00007fff81c526e4:   9b 27 14 00 00 bb ff ff ff ff 74 20 4c 8b 0d 31
  0x00007fff81c526f4:   24 14 00 4c 8d 44 24 38 48 8b 0d 15 24 14 00 48
  0x00007fff81c52704:   8b d7 41 ff d1 85 c0 0f 44 5c 24 38 8b c3 48 8b
  0x00007fff81c52714:   5c 24 30 48 83 c4 20 5f c3 cc cc cc cc cc cc cc
  0x00007fff81c52724:   cc cc cc cc cc cc cc cc cc cc cc cc cc cc cc cc
  0x00007fff81c52734:   cc cc cc cc cc cc cc cc cc cc cc cc cc cc cc cc
  0x00007fff81c52744:   cc cc cc cc cc cc cc cc cc cc cc cc 48 89 54 24
  0x00007fff81c52754:   10 53 55 56 57 41 56 41 57 48 83 ec 28 48 8b f2
  0x00007fff81c52764:   4c 8b f1 48 89 4c 24 78 45 33 ff 44 89 7c 24 68
  0x00007fff81c52774:   c7 44 24 60 01 00 00 00 48 8d 4c 24 68 e8 ed 42
  0x00007fff81c52784:   f7 ff 8b d8 48 8d 4c 24 60 e8 e1 42 f7 ff 8b e8
  0x00007fff81c52794:   49 8b ce e8 00 fc f6 ff 48 8b f8 90 8b c3 f0 0f
  0x00007fff81c527a4:   b1 2f 74 04 f3 90 eb f4 4c 89 3e 4c 89 7e 08 4c
  0x00007fff81c527b4:   89 7e 10 49 8b 6e 08 4d 8b 76 10 49 3b ee 0f 84


Stack slot to memory mapping:

stack at sp + 0 slots: 0x000000ab0f7fe850 is pointing into the stack for thread: 0x000001f5e37ee2c0
stack at sp + 1 slots: 0x000001f5c528ac58 points into unknown readable memory: 0x0000000623001ed8 | d8 1e 00 23 06 00 00 00
stack at sp + 2 slots: 0x0 is null
stack at sp + 3 slots: 0x000001f5e37eea10 points into unknown readable memory: 0x6e616c2e6176616a | 6a 61 76 61 2e 6c 61 6e
stack at sp + 4 slots: 0x000000000000001a is an unknown value
stack at sp + 5 slots: 0x00007fff81c52b9b libasyncProfiler.dll
stack at sp + 6 slots: 0x0 is null
stack at sp + 7 slots: 0x000001f5e37ee688 points into unknown readable memory: 0x00007fff829f17b0 | b0 17 9f 82 ff 7f 00 00

Lock stack of current Java thread (top to bottom):


---------------  P R O C E S S  ---------------

Threads class SMR info:
_java_thread_list=0x000001f5c6c45c10, length=19, elements={
0x000001f5e37ee2c0, 0x000001f5fcc80c60, 0x000001f5fcc815a0, 0x000001f5fcc85860,
0x000001f5fcc87730, 0x000001f5fcc888f0, 0x000001f5fcc89bc0, 0x000001f5fcc8a6f0,
0x000001f5fcd5c040, 0x000001f5fcd62b20, 0x000001f5fcd9ce10, 0x000001f5fce40b70,
0x000001f5c527fed0, 0x000001f5c6aa0c20, 0x000001f5c6bb54b0, 0x000001f5c6c101e0,
0x000001f5c6c40450, 0x000001f5c6c49830, 0x000001f5c6c592e0
}

Java Threads: ( => current thread )
=>0x000001f5e37ee2c0 JavaThread "main"                              [_thread_in_native, id=15148, stack(0x000000ab0f700000,0x000000ab0f800000) (1024K)]
  0x000001f5fcc80c60 JavaThread "Reference Handler"          daemon [_thread_blocked, id=1064, stack(0x000000ab0ff00000,0x000000ab10000000) (1024K)]
  0x000001f5fcc815a0 JavaThread "Finalizer"                  daemon [_thread_blocked, id=15668, stack(0x000000ab10000000,0x000000ab10100000) (1024K)]
  0x000001f5fcc85860 JavaThread "Signal Dispatcher"          daemon [_thread_blocked, id=14216, stack(0x000000ab10100000,0x000000ab10200000) (1024K)]
  0x000001f5fcc87730 JavaThread "Attach Listener"            daemon [_thread_blocked, id=1876, stack(0x000000ab10200000,0x000000ab10300000) (1024K)]
  0x000001f5fcc888f0 JavaThread "Service Thread"             daemon [_thread_blocked, id=5532, stack(0x000000ab10300000,0x000000ab10400000) (1024K)]
  0x000001f5fcc89bc0 JavaThread "Monitor Deflation Thread"   daemon [_thread_blocked, id=15800, stack(0x000000ab10400000,0x000000ab10500000) (1024K)]
  0x000001f5fcc8a6f0 JavaThread "C1 CompilerThread0"         daemon [_thread_blocked, id=6864, stack(0x000000ab10500000,0x000000ab10600000) (1024K)]
  0x000001f5fcd5c040 JavaThread "C1 CompilerThread1"         daemon [_thread_blocked, id=3724, stack(0x000000ab10600000,0x000000ab10700000) (1024K)]
  0x000001f5fcd62b20 JavaThread "C1 CompilerThread2"         daemon [_thread_blocked, id=4328, stack(0x000000ab10700000,0x000000ab10800000) (1024K)]
  0x000001f5fcd9ce10 JavaThread "C1 CompilerThread3"         daemon [_thread_blocked, id=13544, stack(0x000000ab10800000,0x000000ab10900000) (1024K)]
  0x000001f5fce40b70 JavaThread "Common-Cleaner"             daemon [_thread_blocked, id=3400, stack(0x000000ab10900000,0x000000ab10a00000) (1024K)]
  0x000001f5c527fed0 JavaThread "Monitor Ctrl-Break"         daemon [_thread_in_native, id=13044, stack(0x000000ab10a00000,0x000000ab10b00000) (1024K)]
  0x000001f5c6aa0c20 JavaThread "JFR Recorder Thread"        daemon [_thread_in_native, id=9196, stack(0x000000ab10b00000,0x000000ab10c00000) (1024K)]
  0x000001f5c6bb54b0 JavaThread "JFR Periodic Tasks"         daemon [_thread_blocked, id=13868, stack(0x000000ab10c00000,0x000000ab10d00000) (1024K)]
  0x000001f5c6c101e0 JavaThread "RMI TCP Accept-0"           daemon [_thread_in_native, id=13048, stack(0x000000ab10d00000,0x000000ab10e00000) (1024K)]
  0x000001f5c6c40450 JavaThread "RMI TCP Connection(1)-192.168.0.114" daemon [_thread_in_native, id=15696, stack(0x000000ab10e00000,0x000000ab10f00000) (1024K)]
  0x000001f5c6c49830 JavaThread "RMI Scheduler(0)"           daemon [_thread_blocked, id=13652, stack(0x000000ab10f00000,0x000000ab11000000) (1024K)]
  0x000001f5c6c592e0 JavaThread "JMX server connection timeout 33" daemon [_thread_blocked, id=2504, stack(0x000000ab11000000,0x000000ab11100000) (1024K)]
Total: 19

Other Threads:
  0x000001f5fcc66c10 VMThread "VM Thread"                           [id=12216, stack(0x000000ab0fe00000,0x000000ab0ff00000) (1024K)]
  0x000001f5fcc571b0 WatcherThread "VM Periodic Task Thread"        [id=10604, stack(0x000000ab0fd00000,0x000000ab0fe00000) (1024K)]
  0x000001f5e33a16c0 WorkerThread "GC Thread#0"                     [id=2756, stack(0x000000ab0f800000,0x000000ab0f900000) (1024K)]
  0x000001f5e33f5da0 ConcurrentGCThread "G1 Main Marker"            [id=1824, stack(0x000000ab0f900000,0x000000ab0fa00000) (1024K)]
  0x000001f5e33f7f00 WorkerThread "G1 Conc#0"                       [id=7916, stack(0x000000ab0fa00000,0x000000ab0fb00000) (1024K)]
  0x000001f5fcb30090 ConcurrentGCThread "G1 Refine#0"               [id=12632, stack(0x000000ab0fb00000,0x000000ab0fc00000) (1024K)]
  0x000001f5fcb30ab0 ConcurrentGCThread "G1 Service"                [id=3280, stack(0x000000ab0fc00000,0x000000ab0fd00000) (1024K)]
Total: 7

Threads with active compile tasks:
Total: 0

VM state: not at safepoint (normal execution)

VM Mutex/Monitor currently owned by a thread: None

Heap address: 0x0000000603400000, size: 8140 MB, Compressed Oops mode: Zero based, Oop shift amount: 3

CDS archive(s) mapped at: [0x000001f580000000-0x000001f580d40000-0x000001f580d40000), size 13893632, SharedBaseAddress: 0x000001f580000000, ArchiveRelocationMode: 1.
Compressed class space mapped at: 0x000001f581000000-0x000001f5c1000000, reserved size: 1073741824
UseCompressedClassPointers 1, UseCompactObjectHeaders 0
Narrow klass pointer bits 32, Max shift 3
Narrow klass base: 0x000001f580000000, Narrow klass shift: 0
Encoding Range: [0x000001f580000000 - 0x000001f680000000), (4294967296 bytes)
Klass Range:    [0x000001f580000000 - 0x000001f5c1000000), (1090519040 bytes)
Klass ID Range:  [8 - 1090519033) (1090519025)

GC Precious Log:
 CardTable entry size: 512
 Card Set container configuration: InlinePtr #cards 4 size 8 Array Of Cards #cards 32 size 80 Howl #buckets 8 coarsen threshold 7372 Howl Bitmap #cards 1024 size 144 coarsen threshold 921 Card regions per heap region 1 cards per card region 8192
 CPUs: 12 total, 12 available
 Memory: 32559M
 Large Page Support: Disabled
 NUMA Support: Disabled
 Compressed Oops: Enabled (Zero based)
 Heap Region Size: 4M
 Heap Min Capacity: 8M
 Heap Initial Capacity: 512M
 Heap Max Capacity: 8140M
 Pre-touch: Disabled
 Parallel Workers: 10
 Concurrent Workers: 3
 Concurrent Refinement Workers: 10
 Periodic GC: Disabled

Heap:
 garbage-first heap   total reserved 8335360K, committed 528384K, used 38000K [0x0000000603400000, 0x0000000800000000)
  region size 4096K, 10 young (40960K), 0 survivors (0K)
 Metaspace       used 6681K, committed 6976K, reserved 1114112K
  class space    used 728K, committed 832K, reserved 1048576K

Heap Regions: E=young(eden), S=young(survivor), O=old, HS=humongous(starts), HC=humongous(continues), CS=collection set, F=free, TAMS=top-at-mark-start, PB=parsable bottom
|   0|0x0000000603400000, 0x0000000603400000, 0x0000000603800000|  0%| F|  |TAMS 0x0000000603400000| PB 0x0000000603400000| Untracked |  0
|   1|0x0000000603800000, 0x0000000603800000, 0x0000000603c00000|  0%| F|  |TAMS 0x0000000603800000| PB 0x0000000603800000| Untracked |  0
|   2|0x0000000603c00000, 0x0000000603c00000, 0x0000000604000000|  0%| F|  |TAMS 0x0000000603c00000| PB 0x0000000603c00000| Untracked |  0
|   3|0x0000000604000000, 0x0000000604000000, 0x0000000604400000|  0%| F|  |TAMS 0x0000000604000000| PB 0x0000000604000000| Untracked |  0
|   4|0x0000000604400000, 0x0000000604400000, 0x0000000604800000|  0%| F|  |TAMS 0x0000000604400000| PB 0x0000000604400000| Untracked |  0
|   5|0x0000000604800000, 0x0000000604800000, 0x0000000604c00000|  0%| F|  |TAMS 0x0000000604800000| PB 0x0000000604800000| Untracked |  0
|   6|0x0000000604c00000, 0x0000000604c00000, 0x0000000605000000|  0%| F|  |TAMS 0x0000000604c00000| PB 0x0000000604c00000| Untracked |  0
|   7|0x0000000605000000, 0x0000000605000000, 0x0000000605400000|  0%| F|  |TAMS 0x0000000605000000| PB 0x0000000605000000| Untracked |  0
|   8|0x0000000605400000, 0x0000000605400000, 0x0000000605800000|  0%| F|  |TAMS 0x0000000605400000| PB 0x0000000605400000| Untracked |  0
|   9|0x0000000605800000, 0x0000000605800000, 0x0000000605c00000|  0%| F|  |TAMS 0x0000000605800000| PB 0x0000000605800000| Untracked |  0
|  10|0x0000000605c00000, 0x0000000605c00000, 0x0000000606000000|  0%| F|  |TAMS 0x0000000605c00000| PB 0x0000000605c00000| Untracked |  0
|  11|0x0000000606000000, 0x0000000606000000, 0x0000000606400000|  0%| F|  |TAMS 0x0000000606000000| PB 0x0000000606000000| Untracked |  0
|  12|0x0000000606400000, 0x0000000606400000, 0x0000000606800000|  0%| F|  |TAMS 0x0000000606400000| PB 0x0000000606400000| Untracked |  0
|  13|0x0000000606800000, 0x0000000606800000, 0x0000000606c00000|  0%| F|  |TAMS 0x0000000606800000| PB 0x0000000606800000| Untracked |  0
|  14|0x0000000606c00000, 0x0000000606c00000, 0x0000000607000000|  0%| F|  |TAMS 0x0000000606c00000| PB 0x0000000606c00000| Untracked |  0
|  15|0x0000000607000000, 0x0000000607000000, 0x0000000607400000|  0%| F|  |TAMS 0x0000000607000000| PB 0x0000000607000000| Untracked |  0
|  16|0x0000000607400000, 0x0000000607400000, 0x0000000607800000|  0%| F|  |TAMS 0x0000000607400000| PB 0x0000000607400000| Untracked |  0
|  17|0x0000000607800000, 0x0000000607800000, 0x0000000607c00000|  0%| F|  |TAMS 0x0000000607800000| PB 0x0000000607800000| Untracked |  0
|  18|0x0000000607c00000, 0x0000000607c00000, 0x0000000608000000|  0%| F|  |TAMS 0x0000000607c00000| PB 0x0000000607c00000| Untracked |  0
|  19|0x0000000608000000, 0x0000000608000000, 0x0000000608400000|  0%| F|  |TAMS 0x0000000608000000| PB 0x0000000608000000| Untracked |  0
|  20|0x0000000608400000, 0x0000000608400000, 0x0000000608800000|  0%| F|  |TAMS 0x0000000608400000| PB 0x0000000608400000| Untracked |  0
|  21|0x0000000608800000, 0x0000000608800000, 0x0000000608c00000|  0%| F|  |TAMS 0x0000000608800000| PB 0x0000000608800000| Untracked |  0
|  22|0x0000000608c00000, 0x0000000608c00000, 0x0000000609000000|  0%| F|  |TAMS 0x0000000608c00000| PB 0x0000000608c00000| Untracked |  0
|  23|0x0000000609000000, 0x0000000609000000, 0x0000000609400000|  0%| F|  |TAMS 0x0000000609000000| PB 0x0000000609000000| Untracked |  0
|  24|0x0000000609400000, 0x0000000609400000, 0x0000000609800000|  0%| F|  |TAMS 0x0000000609400000| PB 0x0000000609400000| Untracked |  0
|  25|0x0000000609800000, 0x0000000609800000, 0x0000000609c00000|  0%| F|  |TAMS 0x0000000609800000| PB 0x0000000609800000| Untracked |  0
|  26|0x0000000609c00000, 0x0000000609c00000, 0x000000060a000000|  0%| F|  |TAMS 0x0000000609c00000| PB 0x0000000609c00000| Untracked |  0
|  27|0x000000060a000000, 0x000000060a000000, 0x000000060a400000|  0%| F|  |TAMS 0x000000060a000000| PB 0x000000060a000000| Untracked |  0
|  28|0x000000060a400000, 0x000000060a400000, 0x000000060a800000|  0%| F|  |TAMS 0x000000060a400000| PB 0x000000060a400000| Untracked |  0
|  29|0x000000060a800000, 0x000000060a800000, 0x000000060ac00000|  0%| F|  |TAMS 0x000000060a800000| PB 0x000000060a800000| Untracked |  0
|  30|0x000000060ac00000, 0x000000060ac00000, 0x000000060b000000|  0%| F|  |TAMS 0x000000060ac00000| PB 0x000000060ac00000| Untracked |  0
|  31|0x000000060b000000, 0x000000060b000000, 0x000000060b400000|  0%| F|  |TAMS 0x000000060b000000| PB 0x000000060b000000| Untracked |  0
|  32|0x000000060b400000, 0x000000060b400000, 0x000000060b800000|  0%| F|  |TAMS 0x000000060b400000| PB 0x000000060b400000| Untracked |  0
|  33|0x000000060b800000, 0x000000060b800000, 0x000000060bc00000|  0%| F|  |TAMS 0x000000060b800000| PB 0x000000060b800000| Untracked |  0
|  34|0x000000060bc00000, 0x000000060bc00000, 0x000000060c000000|  0%| F|  |TAMS 0x000000060bc00000| PB 0x000000060bc00000| Untracked |  0
|  35|0x000000060c000000, 0x000000060c000000, 0x000000060c400000|  0%| F|  |TAMS 0x000000060c000000| PB 0x000000060c000000| Untracked |  0
|  36|0x000000060c400000, 0x000000060c400000, 0x000000060c800000|  0%| F|  |TAMS 0x000000060c400000| PB 0x000000060c400000| Untracked |  0
|  37|0x000000060c800000, 0x000000060c800000, 0x000000060cc00000|  0%| F|  |TAMS 0x000000060c800000| PB 0x000000060c800000| Untracked |  0
|  38|0x000000060cc00000, 0x000000060cc00000, 0x000000060d000000|  0%| F|  |TAMS 0x000000060cc00000| PB 0x000000060cc00000| Untracked |  0
|  39|0x000000060d000000, 0x000000060d000000, 0x000000060d400000|  0%| F|  |TAMS 0x000000060d000000| PB 0x000000060d000000| Untracked |  0
|  40|0x000000060d400000, 0x000000060d400000, 0x000000060d800000|  0%| F|  |TAMS 0x000000060d400000| PB 0x000000060d400000| Untracked |  0
|  41|0x000000060d800000, 0x000000060d800000, 0x000000060dc00000|  0%| F|  |TAMS 0x000000060d800000| PB 0x000000060d800000| Untracked |  0
|  42|0x000000060dc00000, 0x000000060dc00000, 0x000000060e000000|  0%| F|  |TAMS 0x000000060dc00000| PB 0x000000060dc00000| Untracked |  0
|  43|0x000000060e000000, 0x000000060e000000, 0x000000060e400000|  0%| F|  |TAMS 0x000000060e000000| PB 0x000000060e000000| Untracked |  0
|  44|0x000000060e400000, 0x000000060e400000, 0x000000060e800000|  0%| F|  |TAMS 0x000000060e400000| PB 0x000000060e400000| Untracked |  0
|  45|0x000000060e800000, 0x000000060e800000, 0x000000060ec00000|  0%| F|  |TAMS 0x000000060e800000| PB 0x000000060e800000| Untracked |  0
|  46|0x000000060ec00000, 0x000000060ec00000, 0x000000060f000000|  0%| F|  |TAMS 0x000000060ec00000| PB 0x000000060ec00000| Untracked |  0
|  47|0x000000060f000000, 0x000000060f000000, 0x000000060f400000|  0%| F|  |TAMS 0x000000060f000000| PB 0x000000060f000000| Untracked |  0
|  48|0x000000060f400000, 0x000000060f400000, 0x000000060f800000|  0%| F|  |TAMS 0x000000060f400000| PB 0x000000060f400000| Untracked |  0
|  49|0x000000060f800000, 0x000000060f800000, 0x000000060fc00000|  0%| F|  |TAMS 0x000000060f800000| PB 0x000000060f800000| Untracked |  0
|  50|0x000000060fc00000, 0x000000060fc00000, 0x0000000610000000|  0%| F|  |TAMS 0x000000060fc00000| PB 0x000000060fc00000| Untracked |  0
|  51|0x0000000610000000, 0x0000000610000000, 0x0000000610400000|  0%| F|  |TAMS 0x0000000610000000| PB 0x0000000610000000| Untracked |  0
|  52|0x0000000610400000, 0x0000000610400000, 0x0000000610800000|  0%| F|  |TAMS 0x0000000610400000| PB 0x0000000610400000| Untracked |  0
|  53|0x0000000610800000, 0x0000000610800000, 0x0000000610c00000|  0%| F|  |TAMS 0x0000000610800000| PB 0x0000000610800000| Untracked |  0
|  54|0x0000000610c00000, 0x0000000610c00000, 0x0000000611000000|  0%| F|  |TAMS 0x0000000610c00000| PB 0x0000000610c00000| Untracked |  0
|  55|0x0000000611000000, 0x0000000611000000, 0x0000000611400000|  0%| F|  |TAMS 0x0000000611000000| PB 0x0000000611000000| Untracked |  0
|  56|0x0000000611400000, 0x0000000611400000, 0x0000000611800000|  0%| F|  |TAMS 0x0000000611400000| PB 0x0000000611400000| Untracked |  0
|  57|0x0000000611800000, 0x0000000611800000, 0x0000000611c00000|  0%| F|  |TAMS 0x0000000611800000| PB 0x0000000611800000| Untracked |  0
|  58|0x0000000611c00000, 0x0000000611c00000, 0x0000000612000000|  0%| F|  |TAMS 0x0000000611c00000| PB 0x0000000611c00000| Untracked |  0
|  59|0x0000000612000000, 0x0000000612000000, 0x0000000612400000|  0%| F|  |TAMS 0x0000000612000000| PB 0x0000000612000000| Untracked |  0
|  60|0x0000000612400000, 0x0000000612400000, 0x0000000612800000|  0%| F|  |TAMS 0x0000000612400000| PB 0x0000000612400000| Untracked |  0
|  61|0x0000000612800000, 0x0000000612800000, 0x0000000612c00000|  0%| F|  |TAMS 0x0000000612800000| PB 0x0000000612800000| Untracked |  0
|  62|0x0000000612c00000, 0x0000000612c00000, 0x0000000613000000|  0%| F|  |TAMS 0x0000000612c00000| PB 0x0000000612c00000| Untracked |  0
|  63|0x0000000613000000, 0x0000000613000000, 0x0000000613400000|  0%| F|  |TAMS 0x0000000613000000| PB 0x0000000613000000| Untracked |  0
|  64|0x0000000613400000, 0x0000000613400000, 0x0000000613800000|  0%| F|  |TAMS 0x0000000613400000| PB 0x0000000613400000| Untracked |  0
|  65|0x0000000613800000, 0x0000000613800000, 0x0000000613c00000|  0%| F|  |TAMS 0x0000000613800000| PB 0x0000000613800000| Untracked |  0
|  66|0x0000000613c00000, 0x0000000613c00000, 0x0000000614000000|  0%| F|  |TAMS 0x0000000613c00000| PB 0x0000000613c00000| Untracked |  0
|  67|0x0000000614000000, 0x0000000614000000, 0x0000000614400000|  0%| F|  |TAMS 0x0000000614000000| PB 0x0000000614000000| Untracked |  0
|  68|0x0000000614400000, 0x0000000614400000, 0x0000000614800000|  0%| F|  |TAMS 0x0000000614400000| PB 0x0000000614400000| Untracked |  0
|  69|0x0000000614800000, 0x0000000614800000, 0x0000000614c00000|  0%| F|  |TAMS 0x0000000614800000| PB 0x0000000614800000| Untracked |  0
|  70|0x0000000614c00000, 0x0000000614c00000, 0x0000000615000000|  0%| F|  |TAMS 0x0000000614c00000| PB 0x0000000614c00000| Untracked |  0
|  71|0x0000000615000000, 0x0000000615000000, 0x0000000615400000|  0%| F|  |TAMS 0x0000000615000000| PB 0x0000000615000000| Untracked |  0
|  72|0x0000000615400000, 0x0000000615400000, 0x0000000615800000|  0%| F|  |TAMS 0x0000000615400000| PB 0x0000000615400000| Untracked |  0
|  73|0x0000000615800000, 0x0000000615800000, 0x0000000615c00000|  0%| F|  |TAMS 0x0000000615800000| PB 0x0000000615800000| Untracked |  0
|  74|0x0000000615c00000, 0x0000000615c00000, 0x0000000616000000|  0%| F|  |TAMS 0x0000000615c00000| PB 0x0000000615c00000| Untracked |  0
|  75|0x0000000616000000, 0x0000000616000000, 0x0000000616400000|  0%| F|  |TAMS 0x0000000616000000| PB 0x0000000616000000| Untracked |  0
|  76|0x0000000616400000, 0x0000000616400000, 0x0000000616800000|  0%| F|  |TAMS 0x0000000616400000| PB 0x0000000616400000| Untracked |  0
|  77|0x0000000616800000, 0x0000000616800000, 0x0000000616c00000|  0%| F|  |TAMS 0x0000000616800000| PB 0x0000000616800000| Untracked |  0
|  78|0x0000000616c00000, 0x0000000616c00000, 0x0000000617000000|  0%| F|  |TAMS 0x0000000616c00000| PB 0x0000000616c00000| Untracked |  0
|  79|0x0000000617000000, 0x0000000617000000, 0x0000000617400000|  0%| F|  |TAMS 0x0000000617000000| PB 0x0000000617000000| Untracked |  0
|  80|0x0000000617400000, 0x0000000617400000, 0x0000000617800000|  0%| F|  |TAMS 0x0000000617400000| PB 0x0000000617400000| Untracked |  0
|  81|0x0000000617800000, 0x0000000617800000, 0x0000000617c00000|  0%| F|  |TAMS 0x0000000617800000| PB 0x0000000617800000| Untracked |  0
|  82|0x0000000617c00000, 0x0000000617c00000, 0x0000000618000000|  0%| F|  |TAMS 0x0000000617c00000| PB 0x0000000617c00000| Untracked |  0
|  83|0x0000000618000000, 0x0000000618000000, 0x0000000618400000|  0%| F|  |TAMS 0x0000000618000000| PB 0x0000000618000000| Untracked |  0
|  84|0x0000000618400000, 0x0000000618400000, 0x0000000618800000|  0%| F|  |TAMS 0x0000000618400000| PB 0x0000000618400000| Untracked |  0
|  85|0x0000000618800000, 0x0000000618800000, 0x0000000618c00000|  0%| F|  |TAMS 0x0000000618800000| PB 0x0000000618800000| Untracked |  0
|  86|0x0000000618c00000, 0x0000000618c00000, 0x0000000619000000|  0%| F|  |TAMS 0x0000000618c00000| PB 0x0000000618c00000| Untracked |  0
|  87|0x0000000619000000, 0x0000000619000000, 0x0000000619400000|  0%| F|  |TAMS 0x0000000619000000| PB 0x0000000619000000| Untracked |  0
|  88|0x0000000619400000, 0x0000000619400000, 0x0000000619800000|  0%| F|  |TAMS 0x0000000619400000| PB 0x0000000619400000| Untracked |  0
|  89|0x0000000619800000, 0x0000000619800000, 0x0000000619c00000|  0%| F|  |TAMS 0x0000000619800000| PB 0x0000000619800000| Untracked |  0
|  90|0x0000000619c00000, 0x0000000619c00000, 0x000000061a000000|  0%| F|  |TAMS 0x0000000619c00000| PB 0x0000000619c00000| Untracked |  0
|  91|0x000000061a000000, 0x000000061a000000, 0x000000061a400000|  0%| F|  |TAMS 0x000000061a000000| PB 0x000000061a000000| Untracked |  0
|  92|0x000000061a400000, 0x000000061a400000, 0x000000061a800000|  0%| F|  |TAMS 0x000000061a400000| PB 0x000000061a400000| Untracked |  0
|  93|0x000000061a800000, 0x000000061a800000, 0x000000061ac00000|  0%| F|  |TAMS 0x000000061a800000| PB 0x000000061a800000| Untracked |  0
|  94|0x000000061ac00000, 0x000000061ac00000, 0x000000061b000000|  0%| F|  |TAMS 0x000000061ac00000| PB 0x000000061ac00000| Untracked |  0
|  95|0x000000061b000000, 0x000000061b000000, 0x000000061b400000|  0%| F|  |TAMS 0x000000061b000000| PB 0x000000061b000000| Untracked |  0
|  96|0x000000061b400000, 0x000000061b400000, 0x000000061b800000|  0%| F|  |TAMS 0x000000061b400000| PB 0x000000061b400000| Untracked |  0
|  97|0x000000061b800000, 0x000000061b800000, 0x000000061bc00000|  0%| F|  |TAMS 0x000000061b800000| PB 0x000000061b800000| Untracked |  0
|  98|0x000000061bc00000, 0x000000061bc00000, 0x000000061c000000|  0%| F|  |TAMS 0x000000061bc00000| PB 0x000000061bc00000| Untracked |  0
|  99|0x000000061c000000, 0x000000061c000000, 0x000000061c400000|  0%| F|  |TAMS 0x000000061c000000| PB 0x000000061c000000| Untracked |  0
| 100|0x000000061c400000, 0x000000061c400000, 0x000000061c800000|  0%| F|  |TAMS 0x000000061c400000| PB 0x000000061c400000| Untracked |  0
| 101|0x000000061c800000, 0x000000061c800000, 0x000000061cc00000|  0%| F|  |TAMS 0x000000061c800000| PB 0x000000061c800000| Untracked |  0
| 102|0x000000061cc00000, 0x000000061cc00000, 0x000000061d000000|  0%| F|  |TAMS 0x000000061cc00000| PB 0x000000061cc00000| Untracked |  0
| 103|0x000000061d000000, 0x000000061d000000, 0x000000061d400000|  0%| F|  |TAMS 0x000000061d000000| PB 0x000000061d000000| Untracked |  0
| 104|0x000000061d400000, 0x000000061d400000, 0x000000061d800000|  0%| F|  |TAMS 0x000000061d400000| PB 0x000000061d400000| Untracked |  0
| 105|0x000000061d800000, 0x000000061d800000, 0x000000061dc00000|  0%| F|  |TAMS 0x000000061d800000| PB 0x000000061d800000| Untracked |  0
| 106|0x000000061dc00000, 0x000000061dc00000, 0x000000061e000000|  0%| F|  |TAMS 0x000000061dc00000| PB 0x000000061dc00000| Untracked |  0
| 107|0x000000061e000000, 0x000000061e000000, 0x000000061e400000|  0%| F|  |TAMS 0x000000061e000000| PB 0x000000061e000000| Untracked |  0
| 108|0x000000061e400000, 0x000000061e400000, 0x000000061e800000|  0%| F|  |TAMS 0x000000061e400000| PB 0x000000061e400000| Untracked |  0
| 109|0x000000061e800000, 0x000000061e800000, 0x000000061ec00000|  0%| F|  |TAMS 0x000000061e800000| PB 0x000000061e800000| Untracked |  0
| 110|0x000000061ec00000, 0x000000061ec00000, 0x000000061f000000|  0%| F|  |TAMS 0x000000061ec00000| PB 0x000000061ec00000| Untracked |  0
| 111|0x000000061f000000, 0x000000061f000000, 0x000000061f400000|  0%| F|  |TAMS 0x000000061f000000| PB 0x000000061f000000| Untracked |  0
| 112|0x000000061f400000, 0x000000061f400000, 0x000000061f800000|  0%| F|  |TAMS 0x000000061f400000| PB 0x000000061f400000| Untracked |  0
| 113|0x000000061f800000, 0x000000061f800000, 0x000000061fc00000|  0%| F|  |TAMS 0x000000061f800000| PB 0x000000061f800000| Untracked |  0
| 114|0x000000061fc00000, 0x000000061fc00000, 0x0000000620000000|  0%| F|  |TAMS 0x000000061fc00000| PB 0x000000061fc00000| Untracked |  0
| 115|0x0000000620000000, 0x0000000620000000, 0x0000000620400000|  0%| F|  |TAMS 0x0000000620000000| PB 0x0000000620000000| Untracked |  0
| 116|0x0000000620400000, 0x0000000620400000, 0x0000000620800000|  0%| F|  |TAMS 0x0000000620400000| PB 0x0000000620400000| Untracked |  0
| 117|0x0000000620800000, 0x0000000620800000, 0x0000000620c00000|  0%| F|  |TAMS 0x0000000620800000| PB 0x0000000620800000| Untracked |  0
| 118|0x0000000620c00000, 0x0000000620cf5c98, 0x0000000621000000| 24%| E|  |TAMS 0x0000000620c00000| PB 0x0000000620c00000| Complete |  0
| 119|0x0000000621000000, 0x0000000621400000, 0x0000000621400000|100%| E|CS|TAMS 0x0000000621000000| PB 0x0000000621000000| Complete |  0
| 120|0x0000000621400000, 0x0000000621800000, 0x0000000621800000|100%| E|CS|TAMS 0x0000000621400000| PB 0x0000000621400000| Complete |  0
| 121|0x0000000621800000, 0x0000000621c00000, 0x0000000621c00000|100%| E|CS|TAMS 0x0000000621800000| PB 0x0000000621800000| Complete |  0
| 122|0x0000000621c00000, 0x0000000622000000, 0x0000000622000000|100%| E|CS|TAMS 0x0000000621c00000| PB 0x0000000621c00000| Complete |  0
| 123|0x0000000622000000, 0x0000000622400000, 0x0000000622400000|100%| E|CS|TAMS 0x0000000622000000| PB 0x0000000622000000| Complete |  0
| 124|0x0000000622400000, 0x0000000622800000, 0x0000000622800000|100%| E|CS|TAMS 0x0000000622400000| PB 0x0000000622400000| Complete |  0
| 125|0x0000000622800000, 0x0000000622c00000, 0x0000000622c00000|100%| E|CS|TAMS 0x0000000622800000| PB 0x0000000622800000| Complete |  0
| 126|0x0000000622c00000, 0x0000000623000000, 0x0000000623000000|100%| E|CS|TAMS 0x0000000622c00000| PB 0x0000000622c00000| Complete |  0
| 127|0x0000000623000000, 0x0000000623400000, 0x0000000623400000|100%| E|CS|TAMS 0x0000000623000000| PB 0x0000000623000000| Complete |  0
|2034|0x00000007ffc00000, 0x00000007ffd1c288, 0x0000000800000000| 27%| O|  |TAMS 0x00000007ffc00000| PB 0x00000007ffc00000| Untracked |  0

Card table byte_map: [0x000001f5f1150000,0x000001f5f2140000] _byte_map_base: 0x000001f5ee136000

Marking Bits: (CMBitMap*) 0x000001f5e33a2de0
 Bits: [0x000001f5f2140000, 0x000001f5fa070000)

Polling page: 0x000001f5e2ef0000

Metaspace:

Usage:
  Non-class:      5.81 MB used.
      Class:    728.22 KB used.
       Both:      6.53 MB used.

Virtual space:
  Non-class space:       64.00 MB reserved,       6.00 MB (  9%) committed,  1 nodes.
      Class space:        1.00 GB reserved,     832.00 KB ( <1%) committed,  1 nodes.
             Both:        1.06 GB reserved,       6.81 MB ( <1%) committed. 

Chunk freelists:
   Non-Class:  10.06 MB
       Class:  15.20 MB
        Both:  25.25 MB

MaxMetaspaceSize: unlimited
CompressedClassSpaceSize: 1.00 GB
Initial GC threshold: 21.00 MB
Current GC threshold: 21.00 MB
CDS: on
 - commit_granule_bytes: 65536.
 - commit_granule_words: 8192.
 - virtual_space_node_default_size: 8388608.
 - enlarge_chunks_in_place: 1.
UseCompressedClassPointers 1, UseCompactObjectHeaders 0
Narrow klass pointer bits 32, Max shift 3
Narrow klass base: 0x000001f580000000, Narrow klass shift: 0
Encoding Range: [0x000001f580000000 - 0x000001f680000000), (4294967296 bytes)
Klass Range:    [0x000001f580000000 - 0x000001f5c1000000), (1090519040 bytes)
Klass ID Range:  [8 - 1090519033) (1090519025)


Internal statistics:

num_allocs_failed_limit: 0.
num_arena_births: 184.
num_arena_deaths: 0.
num_vsnodes_births: 2.
num_vsnodes_deaths: 0.
num_space_committed: 109.
num_space_uncommitted: 0.
num_chunks_returned_to_freelist: 0.
num_chunks_taken_from_freelist: 254.
num_chunk_merges: 0.
num_chunk_splits: 141.
num_chunks_enlarged: 35.
num_inconsistent_stats: 0.

CodeCache: size=49152Kb used=5046Kb max_used=5046Kb free=44105Kb
 bounds [0x000001f5ec7d0000, 0x000001f5eccc0000, 0x000001f5ef7d0000]
 total_blobs=2394, nmethods=1915, adapters=402, full_count=0
Compilation: enabled, stopped_count=0, restarted_count=0

Compilation events (20 events):
Event: 0.274 Thread 0x000001f5fcd9ce10 1770       1       java.nio.file.Files$AcceptAllFilter::accept (9 bytes)
Event: 0.274 Thread 0x000001f5fcd9ce10 nmethod 1770 0x000001f5ecc8f188 code [0x000001f5ecc8f2a0, 0x000001f5ecc8f3c0]
Event: 0.274 Thread 0x000001f5fcd9ce10 1771       1       sun.nio.fs.WindowsDirectoryStream$WindowsDirectoryIterator::next (5 bytes)
Event: 0.274 Thread 0x000001f5fcc8a6f0 nmethod 1769 0x000001f5ecc8f488 code [0x000001f5ecc8f600, 0x000001f5ecc8fa18]
Event: 0.274 Thread 0x000001f5fcd9ce10 nmethod 1771 0x000001f5ecc8fa88 code [0x000001f5ecc8fba0, 0x000001f5ecc8fc90]
Event: 0.274 Thread 0x000001f5fcc8a6f0 1772  s    1       sun.nio.fs.WindowsDirectoryStream$WindowsDirectoryIterator::next (48 bytes)
Event: 0.274 Thread 0x000001f5fcd5c040 nmethod 1754 0x000001f5ecc8fd88 code [0x000001f5ecc90140, 0x000001f5ecc91b08]
Event: 0.274 Thread 0x000001f5fcd62b20 nmethod 1760 0x000001f5ecc91c88 code [0x000001f5ecc91e80, 0x000001f5ecc92890]
Event: 0.274 Thread 0x000001f5fcc8a6f0 nmethod 1772 0x000001f5ecc92c88 code [0x000001f5ecc92dc0, 0x000001f5ecc930c8]
Event: 0.274 Thread 0x000001f5fcc8a6f0 1775       1       java.lang.invoke.LambdaForm$BasicType::basicTypeSlots (8 bytes)
Event: 0.274 Thread 0x000001f5fcd62b20 1776       1       sun.invoke.util.Wrapper::stackSlots (9 bytes)
Event: 0.274 Thread 0x000001f5fcd62b20 nmethod 1776 0x000001f5ecc93408 code [0x000001f5ecc93500, 0x000001f5ecc935c8]
Event: 0.274 Thread 0x000001f5fcc8a6f0 nmethod 1775 0x000001f5ecc93708 code [0x000001f5ecc93820, 0x000001f5ecc938f8]
Event: 0.276 Thread 0x000001f5fcd62b20 1777       1       java.lang.Integer::rotateRight (9 bytes)
Event: 0.276 Thread 0x000001f5fcd62b20 nmethod 1777 0x000001f5ecc93a08 code [0x000001f5ecc93b00, 0x000001f5ecc93bb8]
Event: 0.279 Thread 0x000001f5fcd62b20 1779       1       java.util.Properties::getProperty (50 bytes)
Event: 0.279 Thread 0x000001f5fcd62b20 nmethod 1779 0x000001f5ecc94008 code [0x000001f5ecc94140, 0x000001f5ecc94348]
Event: 0.286 Thread 0x000001f5fcd62b20 1781       1       java.lang.reflect.Constructor::getDeclaringClass (5 bytes)
Event: 0.286 Thread 0x000001f5fcd62b20 nmethod 1781 0x000001f5ecc95208 code [0x000001f5ecc95300, 0x000001f5ecc953c8]
Event: 0.287 Thread 0x000001f5fcd62b20 1783       1       java.lang.invoke.InvokerBytecodeGenerator::emitLoadInsn (15 bytes)

GC Heap History (0 events):
No events

Dll operation events (10 events):
Event: 0.017 Loaded shared library C:\Users\beatr\.jdks\openjdk-24.0.1\bin\java.dll
Event: 0.074 Loaded shared library C:\Users\beatr\.jdks\openjdk-24.0.1\bin\zip.dll
Event: 0.076 Loaded shared library C:\Users\beatr\.jdks\openjdk-24.0.1\bin\instrument.dll
Event: 0.078 Loaded shared library C:\Users\beatr\.jdks\openjdk-24.0.1\bin\net.dll
Event: 0.079 Loaded shared library C:\Users\beatr\.jdks\openjdk-24.0.1\bin\nio.dll
Event: 0.080 Loaded shared library C:\Users\beatr\.jdks\openjdk-24.0.1\bin\zip.dll
Event: 0.124 Loaded shared library C:\Users\beatr\.jdks\openjdk-24.0.1\bin\extnet.dll
Event: 0.135 Loaded shared library C:\Users\beatr\.jdks\openjdk-24.0.1\bin\jimage.dll
Event: 0.173 Loaded shared library C:\Users\beatr\.jdks\openjdk-24.0.1\bin\management.dll
Event: 0.179 Loaded shared library C:\Users\beatr\.jdks\openjdk-24.0.1\bin\management_ext.dll

Deoptimization events (2 events):
Event: 0.219 Thread 0x000001f5fcc87730 DEOPT PACKING pc=0x000001f5ecbba5fc sp=0x000000ab102fc180
Event: 0.219 Thread 0x000001f5fcc87730 DEOPT UNPACKING pc=0x000001f5ec825722 sp=0x000000ab102fb698 mode 0

Classes loaded (20 events):
Event: 0.285 Loading class java/lang/ClassValue$ClassValueMap
Event: 0.285 Loading class java/lang/ClassValue$ClassValueMap done
Event: 0.285 Loading class jdk/internal/reflect/MethodHandleLongFieldAccessorImpl
Event: 0.285 Loading class jdk/internal/reflect/MethodHandleLongFieldAccessorImpl done
Event: 0.286 Loading class java/io/ObjectInputStream
Event: 0.286 Loading class java/io/ObjectInput
Event: 0.286 Loading class java/io/ObjectInput done
Event: 0.286 Loading class java/io/ObjectInputStream done
Event: 0.286 Loading class java/rmi/NoSuchObjectException
Event: 0.286 Loading class java/rmi/NoSuchObjectException done
Event: 0.286 Loading class java/io/ClassCache$CacheRef
Event: 0.286 Loading class java/io/ClassCache$CacheRef done
Event: 0.286 Loading class java/io/ObjectStreamClass$FieldReflectorKey
Event: 0.286 Loading class java/io/ObjectStreamClass$FieldReflectorKey done
Event: 0.286 Loading class java/io/ObjectStreamClass$FieldReflector
Event: 0.286 Loading class java/io/ObjectStreamClass$FieldReflector done
Event: 0.286 Loading class java/io/ObjectStreamClass$ClassDataSlot
Event: 0.286 Loading class java/io/ObjectStreamClass$ClassDataSlot done
Event: 0.286 Loading class java/io/SerialCallbackContext
Event: 0.286 Loading class java/io/SerialCallbackContext done

Classes unloaded (0 events):
No events

Classes redefined (0 events):
No events

Internal exceptions (20 events):
Event: 0.151 Thread 0x000001f5fcc87730 Exception <a 'java/lang/NoSuchMethodError'{0x0000000622407468}: 'java.lang.Object java.lang.invoke.Invokers$Holder.linkToTargetMethod(java.lang.Object, java.lang.Object, int, java.lang.Object)'> (0x0000000622407468) 
thrown [s\open\src\hotspot\share\interpreter\linkResolver.cpp, line 805]
Event: 0.155 Thread 0x000001f5fcc87730 Exception <a 'java/lang/NoSuchMethodError'{0x0000000622443bb0}: 'long java.lang.invoke.DirectMethodHandle$Holder.invokeSpecial(java.lang.Object, java.lang.Object)'> (0x0000000622443bb0) 
thrown [s\open\src\hotspot\share\interpreter\linkResolver.cpp, line 805]
Event: 0.156 Thread 0x000001f5e37ee2c0 Exception <a 'java/lang/NoSuchMethodError'{0x0000000622a642b0}: 'void java.lang.invoke.DirectMethodHandle$Holder.invokeStaticInit(java.lang.Object)'> (0x0000000622a642b0) 
thrown [s\open\src\hotspot\share\interpreter\linkResolver.cpp, line 805]
Event: 0.166 Thread 0x000001f5e37ee2c0 Exception <a 'java/lang/NoSuchMethodError'{0x0000000622ad51d0}: 'void java.lang.invoke.DirectMethodHandle$Holder.invokeSpecial(java.lang.Object, java.lang.Object, java.lang.Object)'> (0x0000000622ad51d0) 
thrown [s\open\src\hotspot\share\interpreter\linkResolver.cpp, line 805]
Event: 0.173 Thread 0x000001f5e37ee2c0 Exception <a 'java/lang/NoSuchMethodError'{0x0000000622557d48}: 'java.lang.Object java.lang.invoke.DirectMethodHandle$Holder.newInvokeSpecial(java.lang.Object, java.lang.Object, java.lang.Object, java.lang.Object, java.lang.Object)'> (0x0000000622557d48) 
thrown [s\open\src\hotspot\share\interpreter\linkResolver.cpp, line 805]
Event: 0.182 Thread 0x000001f5fcc87730 Exception <a 'java/lang/NoSuchMethodError'{0x00000006224c8390}: 'int java.lang.invoke.DirectMethodHandle$Holder.invokeInterface(java.lang.Object, java.lang.Object)'> (0x00000006224c8390) 
thrown [s\open\src\hotspot\share\interpreter\linkResolver.cpp, line 805]
Event: 0.182 Thread 0x000001f5fcc87730 Exception <a 'java/lang/IncompatibleClassChangeError'{0x00000006224d0010}: Found class java.lang.Object, but interface was expected> (0x00000006224d0010) 
thrown [s\open\src\hotspot\share\interpreter\linkResolver.cpp, line 872]
Event: 0.197 Thread 0x000001f5e37ee2c0 Exception <a 'java/lang/NoSuchMethodError'{0x00000006226edab0}: 'long java.lang.invoke.DirectMethodHandle$Holder.invokeVirtual(java.lang.Object, java.lang.Object)'> (0x00000006226edab0) 
thrown [s\open\src\hotspot\share\interpreter\linkResolver.cpp, line 805]
Event: 0.200 Thread 0x000001f5fcc87730 Exception <a 'java/lang/NoSuchMethodError'{0x0000000622752298}: 'int java.lang.invoke.DirectMethodHandle$Holder.invokeSpecial(java.lang.Object, java.lang.Object, java.lang.Object)'> (0x0000000622752298) 
thrown [s\open\src\hotspot\share\interpreter\linkResolver.cpp, line 805]
Event: 0.241 Thread 0x000001f5e37ee2c0 Exception <a 'java/lang/NoSuchMethodError'{0x00000006219288c8}: 'void java.lang.invoke.DirectMethodHandle$Holder.invokeSpecial(java.lang.Object, java.lang.Object, int)'> (0x00000006219288c8) 
thrown [s\open\src\hotspot\share\interpreter\linkResolver.cpp, line 805]
Event: 0.242 Thread 0x000001f5e37ee2c0 Exception <a 'java/lang/NoSuchMethodError'{0x00000006219304e8}: 'void java.lang.invoke.Invokers$Holder.invokeExact_MT(java.lang.Object, int, java.lang.Object)'> (0x00000006219304e8) 
thrown [s\open\src\hotspot\share\interpreter\linkResolver.cpp, line 805]
Event: 0.243 Thread 0x000001f5e37ee2c0 Exception <a 'java/lang/NoSuchMethodError'{0x000000062194ad98}: 'void java.lang.invoke.DirectMethodHandle$Holder.invokeStatic(java.lang.Object, java.lang.Object, int)'> (0x000000062194ad98) 
thrown [s\open\src\hotspot\share\interpreter\linkResolver.cpp, line 805]
Event: 0.243 Thread 0x000001f5e37ee2c0 Exception <a 'java/lang/NoSuchMethodError'{0x0000000621959e88}: 'java.lang.Object java.lang.invoke.DirectMethodHandle$Holder.newInvokeSpecial(java.lang.Object, java.lang.Object, int)'> (0x0000000621959e88) 
thrown [s\open\src\hotspot\share\interpreter\linkResolver.cpp, line 805]
Event: 0.246 Thread 0x000001f5e37ee2c0 Exception <a 'sun/nio/fs/WindowsException'{0x000000062198e2a0}> (0x000000062198e2a0) 
thrown [s\open\src\hotspot\share\prims\jni.cpp, line 518]
Event: 0.247 Thread 0x000001f5e37ee2c0 Exception <a 'sun/nio/fs/WindowsException'{0x000000062199b078}> (0x000000062199b078) 
thrown [s\open\src\hotspot\share\prims\jni.cpp, line 518]
Event: 0.249 Thread 0x000001f5e37ee2c0 Exception <a 'sun/nio/fs/WindowsException'{0x00000006219ace30}> (0x00000006219ace30) 
thrown [s\open\src\hotspot\share\prims\jni.cpp, line 518]
Event: 0.265 Thread 0x000001f5fcc87730 Exception <a 'java/lang/NoSuchMethodError'{0x0000000621b2c410}: 'java.lang.Object java.lang.invoke.DirectMethodHandle$Holder.invokeStaticInit(java.lang.Object, int, int, int, int)'> (0x0000000621b2c410) 
thrown [s\open\src\hotspot\share\interpreter\linkResolver.cpp, line 805]
Event: 0.275 Thread 0x000001f5fcc87730 Exception <a 'java/lang/NoSuchMethodError'{0x0000000621ba8bc8}: 'java.lang.Object java.lang.invoke.DirectMethodHandle$Holder.invokeStaticInit(java.lang.Object, java.lang.Object, int, int, int, int)'> (0x0000000621ba8bc8) 
thrown [s\open\src\hotspot\share\interpreter\linkResolver.cpp, line 805]
Event: 0.281 Thread 0x000001f5fcc87730 Exception <a 'java/lang/ClassNotFoundException'{0x0000000621bbf4b8}: javax/management/remote/rmi/RMIServerImpl_Skel> (0x0000000621bbf4b8) 
thrown [s\open\src\hotspot\share\classfile\systemDictionary.cpp, line 327]
Event: 0.285 Thread 0x000001f5fcc87730 Exception <a 'java/lang/NoSuchMethodError'{0x0000000621bd0c90}: 'long java.lang.invoke.Invokers$Holder.invokeExact_MT(java.lang.Object, java.lang.Object)'> (0x0000000621bd0c90) 
thrown [s\open\src\hotspot\share\interpreter\linkResolver.cpp, line 805]

VM Operations (16 events):
Event: 0.068 Executing VM operation: HandshakeAllThreads (Deoptimize)
Event: 0.068 Executing VM operation: HandshakeAllThreads (Deoptimize) done
Event: 0.139 Executing VM operation: HandshakeAllThreads (Deoptimize)
Event: 0.139 Executing VM operation: HandshakeAllThreads (Deoptimize) done
Event: 0.219 Executing VM operation: HandshakeAllThreads (Deoptimize)
Event: 0.219 Executing VM operation: HandshakeAllThreads (Deoptimize) done
Event: 0.219 Executing VM operation: HandshakeAllThreads (Deoptimize)
Event: 0.219 Executing VM operation: HandshakeAllThreads (Deoptimize) done
Event: 0.244 Executing VM operation: HandshakeAllThreads (Deoptimize)
Event: 0.244 Executing VM operation: HandshakeAllThreads (Deoptimize) done
Event: 0.245 Executing VM operation: HandshakeAllThreads (Deoptimize)
Event: 0.245 Executing VM operation: HandshakeAllThreads (Deoptimize) done
Event: 0.248 Executing VM operation: HandshakeAllThreads (Deoptimize)
Event: 0.248 Executing VM operation: HandshakeAllThreads (Deoptimize) done
Event: 0.260 Executing VM operation: JFRSafepointClear
Event: 0.260 Executing VM operation: JFRSafepointClear done

Memory protections (0 events):
No events

Nmethod flushes (0 events):
No events

Events (16 events):
Event: 0.027 Thread 0x000001f5e37ee2c0 Thread added: 0x000001f5e37ee2c0
Event: 0.033 Thread 0x000001f5e37ee2c0 Thread added: 0x000001f5fcc80c60
Event: 0.033 Thread 0x000001f5e37ee2c0 Thread added: 0x000001f5fcc815a0
Event: 0.034 Thread 0x000001f5e37ee2c0 Thread added: 0x000001f5fcc85860
Event: 0.034 Thread 0x000001f5e37ee2c0 Thread added: 0x000001f5fcc87730
Event: 0.034 Thread 0x000001f5e37ee2c0 Thread added: 0x000001f5fcc888f0
Event: 0.034 Thread 0x000001f5e37ee2c0 Thread added: 0x000001f5fcc89bc0
Event: 0.034 Thread 0x000001f5e37ee2c0 Thread added: 0x000001f5fcc8a6f0
Event: 0.068 Thread 0x000001f5fcc8a6f0 Thread added: 0x000001f5fcd5c040
Event: 0.068 Thread 0x000001f5fcc8a6f0 Thread added: 0x000001f5fcd62b20
Event: 0.069 Thread 0x000001f5fcd62b20 Thread added: 0x000001f5fcd9ce10
Event: 0.077 Thread 0x000001f5e37ee2c0 Thread added: 0x000001f5fce40b70
Event: 0.118 Thread 0x000001f5e37ee2c0 Thread added: 0x000001f5c527fed0
Event: 0.154 Thread 0x000001f5e37ee2c0 Thread added: 0x000001f5c6aa0c20
Event: 0.244 Thread 0x000001f5e37ee2c0 Thread added: 0x000001f5c6bb54b0
Event: 0.284 Thread 0x000001f5fcc87730 Thread added: 0x000001f5c6c101e0


Dynamic libraries:
0x00007ff6fbbc0000 - 0x00007ff6fbbce000 	C:\Users\beatr\.jdks\openjdk-24.0.1\bin\java.exe
0x00007fffd3540000 - 0x00007fffd37a6000 	C:\WINDOWS\SYSTEM32\ntdll.dll
0x00007fffd2d90000 - 0x00007fffd2e59000 	C:\WINDOWS\System32\KERNEL32.DLL
0x00007fffd0880000 - 0x00007fffd0c4c000 	C:\WINDOWS\System32\KERNELBASE.dll
0x00007fffd0fb0000 - 0x00007fffd10fb000 	C:\WINDOWS\System32\ucrtbase.dll
0x00007fffcbd30000 - 0x00007fffcbd46000 	C:\Users\beatr\.jdks\openjdk-24.0.1\bin\jli.dll
0x00007fffcb1d0000 - 0x00007fffcb1eb000 	C:\Users\beatr\.jdks\openjdk-24.0.1\bin\VCRUNTIME140.dll
0x00007fffd32b0000 - 0x00007fffd347a000 	C:\WINDOWS\System32\USER32.dll
0x00007fffd0850000 - 0x00007fffd0877000 	C:\WINDOWS\System32\win32u.dll
0x00007fffb99a0000 - 0x00007fffb9c3a000 	C:\WINDOWS\WinSxS\amd64_microsoft.windows.common-controls_6595b64144ccf1df_6.0.26100.3912_none_3e07963ce335137e\COMCTL32.dll
0x00007fffd2480000 - 0x00007fffd24ab000 	C:\WINDOWS\System32\GDI32.dll
0x00007fffd16c0000 - 0x00007fffd1769000 	C:\WINDOWS\System32\msvcrt.dll
0x00007fffd11c0000 - 0x00007fffd12f2000 	C:\WINDOWS\System32\gdi32full.dll
0x00007fffd0e70000 - 0x00007fffd0f13000 	C:\WINDOWS\System32\msvcp_win.dll
0x00007fffd2f50000 - 0x00007fffd2f80000 	C:\WINDOWS\System32\IMM32.DLL
0x00007fffcb210000 - 0x00007fffcb21c000 	C:\Users\beatr\.jdks\openjdk-24.0.1\bin\vcruntime140_1.dll
0x00007fffb7290000 - 0x00007fffb731e000 	C:\Users\beatr\.jdks\openjdk-24.0.1\bin\msvcp140.dll
0x00007fff81dc0000 - 0x00007fff82b62000 	C:\Users\beatr\.jdks\openjdk-24.0.1\bin\server\jvm.dll
0x00007fffd1770000 - 0x00007fffd1822000 	C:\WINDOWS\System32\ADVAPI32.dll
0x00007fffd2f90000 - 0x00007fffd3036000 	C:\WINDOWS\System32\sechost.dll
0x00007fffd2a70000 - 0x00007fffd2b86000 	C:\WINDOWS\System32\RPCRT4.dll
0x00007fffd3230000 - 0x00007fffd32a4000 	C:\WINDOWS\System32\WS2_32.dll
0x00007fffd0580000 - 0x00007fffd05de000 	C:\WINDOWS\SYSTEM32\POWRPROF.dll
0x00007fffc36f0000 - 0x00007fffc3726000 	C:\WINDOWS\SYSTEM32\WINMM.dll
0x00007fffc99e0000 - 0x00007fffc99eb000 	C:\WINDOWS\SYSTEM32\VERSION.dll
0x00007fffd0520000 - 0x00007fffd0534000 	C:\WINDOWS\SYSTEM32\UMPDC.dll
0x00007fffcf490000 - 0x00007fffcf4aa000 	C:\WINDOWS\SYSTEM32\kernel.appcore.dll
0x00007fffcb1c0000 - 0x00007fffcb1ca000 	C:\Users\beatr\.jdks\openjdk-24.0.1\bin\jimage.dll
0x00007fffc8d10000 - 0x00007fffc8f51000 	C:\WINDOWS\SYSTEM32\DBGHELP.DLL
0x00007fffd2640000 - 0x00007fffd29c4000 	C:\WINDOWS\System32\combase.dll
0x00007fffd1300000 - 0x00007fffd13e0000 	C:\WINDOWS\System32\OLEAUT32.dll
0x00007fffbf450000 - 0x00007fffbf489000 	C:\WINDOWS\SYSTEM32\dbgcore.DLL
0x00007fffd0c50000 - 0x00007fffd0ce9000 	C:\WINDOWS\System32\bcryptPrimitives.dll
0x00007fffcb0f0000 - 0x00007fffcb0ff000 	C:\Users\beatr\.jdks\openjdk-24.0.1\bin\instrument.dll
0x00007fffcb100000 - 0x00007fffcb11e000 	C:\Users\beatr\.jdks\openjdk-24.0.1\bin\java.dll
0x00007fffd13f0000 - 0x00007fffd158f000 	C:\WINDOWS\System32\ole32.dll
0x00007fffd1d50000 - 0x00007fffd247d000 	C:\WINDOWS\System32\SHELL32.dll
0x00007fffd0cf0000 - 0x00007fffd0e64000 	C:\WINDOWS\System32\wintypes.dll
0x00007fff81bc0000 - 0x00007fff81db8000 	C:\Users\beatr\AppData\Local\Temp\idea_libasyncProfiler_dll_temp_folder5\libasyncProfiler.dll
0x00007fffce380000 - 0x00007fffcebd6000 	C:\WINDOWS\SYSTEM32\windows.storage.dll
0x00007fffd15c0000 - 0x00007fffd16af000 	C:\WINDOWS\System32\SHCORE.dll
0x00007fffd2e60000 - 0x00007fffd2ec9000 	C:\WINDOWS\System32\shlwapi.dll
0x00007fffd0540000 - 0x00007fffd056f000 	C:\WINDOWS\SYSTEM32\profapi.dll
0x00007fffca760000 - 0x00007fffca777000 	C:\Users\beatr\.jdks\openjdk-24.0.1\bin\zip.dll
0x00007fffcb0e0000 - 0x00007fffcb0f0000 	C:\Users\beatr\.jdks\openjdk-24.0.1\bin\net.dll
0x00007fffcfa00000 - 0x00007fffcfa6a000 	C:\WINDOWS\system32\mswsock.dll
0x00007fffca780000 - 0x00007fffca796000 	C:\Users\beatr\.jdks\openjdk-24.0.1\bin\nio.dll
0x00007fffcb0d0000 - 0x00007fffcb0d9000 	C:\Users\beatr\.jdks\openjdk-24.0.1\bin\extnet.dll
0x00007fffcef10000 - 0x00007fffcf037000 	C:\WINDOWS\SYSTEM32\DNSAPI.dll
0x00007fffceed0000 - 0x00007fffcef03000 	C:\WINDOWS\SYSTEM32\IPHLPAPI.DLL
0x00007fffd24c0000 - 0x00007fffd24ca000 	C:\WINDOWS\System32\NSI.dll
0x00007fffc8500000 - 0x00007fffc850b000 	C:\Windows\System32\rasadhlp.dll
0x00007fffc75c0000 - 0x00007fffc7646000 	C:\WINDOWS\System32\fwpuclnt.dll
0x00007fffca750000 - 0x00007fffca75a000 	C:\Users\beatr\.jdks\openjdk-24.0.1\bin\management.dll
0x00007fffca390000 - 0x00007fffca39b000 	C:\Users\beatr\.jdks\openjdk-24.0.1\bin\management_ext.dll
0x00007fffd3040000 - 0x00007fffd3048000 	C:\WINDOWS\System32\PSAPI.DLL
0x00007fffcfca0000 - 0x00007fffcfcbc000 	C:\WINDOWS\SYSTEM32\CRYPTSP.dll
0x00007fffcf3f0000 - 0x00007fffcf42a000 	C:\WINDOWS\system32\rsaenh.dll
0x00007fffcfaa0000 - 0x00007fffcfacb000 	C:\WINDOWS\SYSTEM32\USERENV.dll
0x00007fffd05f0000 - 0x00007fffd0616000 	C:\WINDOWS\SYSTEM32\bcrypt.dll
0x00007fffcfcc0000 - 0x00007fffcfccc000 	C:\WINDOWS\SYSTEM32\CRYPTBASE.dll
0x00007fffba1e0000 - 0x00007fffba1f8000 	C:\WINDOWS\system32\napinsp.dll
0x00007fffba170000 - 0x00007fffba182000 	C:\WINDOWS\System32\winrnr.dll
0x00007fffba130000 - 0x00007fffba160000 	C:\WINDOWS\system32\nlansp_c.dll
0x00007fffc91c0000 - 0x00007fffc91e0000 	C:\WINDOWS\system32\wshbth.dll
0x00007fffc3640000 - 0x00007fffc368e000 	C:\WINDOWS\SYSTEM32\pdh.dll

JVMTI agents:
C:\Program Files\JetBrains\IntelliJ IDEA 2024.3\lib\idea_rt.jar path:C:\Users\beatr\.jdks\openjdk-24.0.1\bin\instrument.dll, loaded, initialized, instrumentlib options:50558
C:\Users\beatr\AppData\Local\Temp\idea_libasyncProfiler_dll_temp_folder5\libasyncProfiler.dll path:C:\Users\beatr\AppData\Local\Temp\idea_libasyncProfiler_dll_temp_folder5\libasyncProfiler.dll, loaded, initialized, options:start,jfr,event=wall,interval=10ms,jfrsync=profile,cstack=no,file=C:\Users\beatr\IdeaSnapshots\Application_2025_05_20_162642.jfr,dbghelppath=C:\Users\beatr\AppData\Local\Temp\idea_dbghelp_dll_temp_folder\dbghelp.dll,log=C:\Users\beatr\AppData\Local\Temp\Application_2025_05_20_162642.jfr.log.txt,logLevel=DEBUG

dbghelp: loaded successfully - version: 4.0.5 - missing functions: none
symbol engine: initialized successfully - sym options: 0x614 - pdb path: .;C:\Users\beatr\.jdks\openjdk-24.0.1\bin;C:\WINDOWS\SYSTEM32;C:\WINDOWS\WinSxS\amd64_microsoft.windows.common-controls_6595b64144ccf1df_6.0.26100.3912_none_3e07963ce335137e;C:\Users\beatr\.jdks\openjdk-24.0.1\bin\server;C:\Users\beatr\AppData\Local\Temp\idea_libasyncProfiler_dll_temp_folder5

VM Arguments:
jvm_args: --enable-preview -XX:TieredStopAtLevel=1 -Dspring.output.ansi.enabled=always -Dcom.sun.management.jmxremote -Dspring.jmx.enabled=true -Dspring.liveBeansView.mbeanDomain -Dspring.application.admin.enabled=true -Dmanagement.endpoints.jmx.exposure.include=* -javaagent:C:\Program Files\JetBrains\IntelliJ IDEA 2024.3\lib\idea_rt.jar=50558 -agentpath:C:\Users\beatr\AppData\Local\Temp\idea_libasyncProfiler_dll_temp_folder5\libasyncProfiler.dll=start,jfr,event=wall,interval=10ms,jfrsync=profile,cstack=no,file=C:\Users\beatr\IdeaSnapshots\Application_2025_05_20_162642.jfr,dbghelppath=C:\Users\beatr\AppData\Local\Temp\idea_dbghelp_dll_temp_folder\dbghelp.dll,log=C:\Users\beatr\AppData\Local\Temp\Application_2025_05_20_162642.jfr.log.txt,logLevel=DEBUG -Dfile.encoding=UTF-8 -Dsun.stdout.encoding=UTF-8 -Dsun.stderr.encoding=UTF-8 
java_command: br.com.umc.apollopesquisas.Application
java_class_path (initial): C:\Users\beatr\Downloads\PFC-dev\target\classes;C:\Users\beatr\.m2\repository\org\springframework\boot\spring-boot-starter-data-mongodb\3.4.3\spring-boot-starter-data-mongodb-3.4.3.jar;C:\Users\beatr\.m2\repository\org\springframework\boot\spring-boot-starter\3.4.3\spring-boot-starter-3.4.3.jar;C:\Users\beatr\.m2\repository\org\springframework\boot\spring-boot-starter-logging\3.4.3\spring-boot-starter-logging-3.4.3.jar;C:\Users\beatr\.m2\repository\ch\qos\logback\logback-classic\1.5.16\logback-classic-1.5.16.jar;C:\Users\beatr\.m2\repository\ch\qos\logback\logback-core\1.5.16\logback-core-1.5.16.jar;C:\Users\beatr\.m2\repository\org\apache\logging\log4j\log4j-to-slf4j\2.24.3\log4j-to-slf4j-2.24.3.jar;C:\Users\beatr\.m2\repository\org\apache\logging\log4j\log4j-api\2.24.3\log4j-api-2.24.3.jar;C:\Users\beatr\.m2\repository\org\slf4j\jul-to-slf4j\2.0.16\jul-to-slf4j-2.0.16.jar;C:\Users\beatr\.m2\repository\jakarta\annotation\jakarta.annotation-api\2.1.1\jakarta.annotation-api-2.1.1.jar;C:\Users\beatr\.m2\repository\org\yaml\snakeyaml\2.3\snakeyaml-2.3.jar;C:\Users\beatr\.m2\repository\org\mongodb\mongodb-driver-sync\5.2.1\mongodb-driver-sync-5.2.1.jar;C:\Users\beatr\.m2\repository\org\mongodb\bson\5.2.1\bson-5.2.1.jar;C:\Users\beatr\.m2\repository\org\mongodb\mongodb-driver-core\5.2.1\mongodb-driver-core-5.2.1.jar;C:\Users\beatr\.m2\repository\org\mongodb\bson-record-codec\5.2.1\bson-record-codec-5.2.1.jar;C:\Users\beatr\.m2\repository\org\springframework\data\spring-data-mongodb\4.4.3\spring-data-mongodb-4.4.3.jar;C:\Users\beatr\.m2\repository\org\springframework\spring-tx\6.2.3\spring-tx-6.2.3.jar;C:\Users\beatr\.m2\repository\org\springframework\data\spring-data-commons\3.4.3\spring-data-commons-3.4.3.jar;C:\Users\beatr\.m2\repository\org\thymeleaf\extras\thymeleaf-extras-springsecurity6\3.1.3.RELEASE\thymeleaf-extras-springsecurity6-3.1.3.RELEASE.jar;C:\Users\beatr\.m2\repository\org\thymeleaf\thymeleaf-spring6\3.1.3.RELEASE\thymeleaf-spring6-3.1.3.RELEASE.jar;C:\Users\beatr\.m2\repository\org\thymeleaf\thymeleaf\3.1.3.RELEASE\thymeleaf-3.1.3.RELEASE.jar;C:\Users\beatr\.m2\repository\org\attoparser\attoparser\2.0.7.RELEASE\attoparser-2.0.7.RELEASE.jar;C:\Users\beatr\.m2\repository\org\unbescape\unbescape\1.1.6.RELEASE\unbescape-1.1.6.RELEASE.jar;C:\Users\beatr\.m2\repository\org\slf4j\slf4j-api\2.0.16\slf4j-api-2.0.16.jar;C:\Users\beatr\.m2\repository\jakarta\servlet\jakarta.servlet-api\6.0.0\jakarta.servlet-api-6.0.0.jar;C:\Users\beatr\.m2\repository\jakarta\validation\jakarta.validation-api\3.0.2\jakarta.validation-api-3.0.2.jar;C:\Users\beatr\.m2\repository\org\springframework\boot\spring-boot-starter-security\3.4.3\spring-boot-starter-security-3.4.3.jar;C:\Users\beatr\.m2\repository\org\springframework\spring-aop\6.2.3\spring-aop-6.2.3.jar;C:\Users\beatr\.m2\repository\org\springframework\boot\spring-boot-starter-web\3.4.3\spring-boot-starter-web-3.4.3.jar;C:\Users\beatr\.m2\repository\org\springframework\boot\spring-boot-starter-json\3.4.3\spring-boot-starter-json-3.4.3.jar;C:\Users\beatr\.m2\repository\com\fasterxml\jackson\core\jackson-databind\2.18.2\jackson-databind-2.18.2.jar;C:\Users\beatr\.m2\repository\com\fasterxml\jackson\core\jackson-annotations\2.18.2\jackson-annotations-2.18.2.jar;C:\Users\beatr\.m2\repository\com\fasterxml\jackson\core\jackson-core\2.18.2\jackson-core-2.18.2.jar;C:\Users\beatr\.m2\repository\com\fasterxml\jackson\datatype\jackson-datatype-jdk8\2.18.2\jackson-datatype-jdk8-2.18.2.jar;C:\Users\beatr\.m2\repository\com\fasterxml\jackson\datatype\jackson-datatype-jsr310\2.18.2\jackson-datatype-jsr310-2.18.2.jar;C:\Users\beatr\.m2\repository\com\fasterxml\jackson\module\jackson-module-parameter-names\2.18.2\jackson-module-parameter-names-2.18.2.jar;C:\Users\beatr\.m2\repository\org\springframework\boot\spring-boot-starter-tomcat\3.4.3\spring-boot-starter-tomcat-3.4.3.jar;C:\Users\beatr\.m2\repository\org\apache\tomcat\embed\tomcat-embed-core\10.1.36\tomcat-embed-core-10.1.36.jar;C:\Users\beatr\.m2\repository\org\apache\tomcat\embed\tomcat-embed-el\10.1.36\tomcat-embed-el-10.1.36.jar;C:\Users\beatr\.m2\repository\org\apache\tomcat\embed\tomcat-embed-websocket\10.1.36\tomcat-embed-websocket-10.1.36.jar;C:\Users\beatr\.m2\repository\org\springframework\spring-web\6.2.3\spring-web-6.2.3.jar;C:\Users\beatr\.m2\repository\org\springframework\spring-webmvc\6.2.3\spring-webmvc-6.2.3.jar;C:\Users\beatr\.m2\repository\org\springframework\boot\spring-boot-devtools\3.4.3\spring-boot-devtools-3.4.3.jar;C:\Users\beatr\.m2\repository\org\springframework\boot\spring-boot\3.4.3\spring-boot-3.4.3.jar;C:\Users\beatr\.m2\repository\org\springframework\boot\spring-boot-autoconfigure\3.4.3\spring-boot-autoconfigure-3.4.3.jar;C:\Users\beatr\.m2\repository\org\springframework\boot\spring-boot-starter-thymeleaf\3.4.3\spring-boot-starter-thymeleaf-3.4.3.jar;C:\Users\beatr\.m2\repository\jakarta\activation\jakarta.activation-api\2.1.3\jakarta.activation-api-2.1.3.jar;C:\Users\beatr\.m2\repository\net\minidev\json-smart\2.5.2\json-smart-2.5.2.jar;C:\Users\beatr\.m2\repository\net\minidev\accessors-smart\2.5.2\accessors-smart-2.5.2.jar;C:\Users\beatr\.m2\repository\org\ow2\asm\asm\9.7.1\asm-9.7.1.jar;C:\Users\beatr\.m2\repository\org\springframework\spring-core\6.2.3\spring-core-6.2.3.jar;C:\Users\beatr\.m2\repository\org\springframework\spring-jcl\6.2.3\spring-jcl-6.2.3.jar;C:\Users\beatr\.m2\repository\org\springframework\boot\spring-boot-starter-mail\3.4.3\spring-boot-starter-mail-3.4.3.jar;C:\Users\beatr\.m2\repository\org\springframework\spring-context-support\6.2.3\spring-context-support-6.2.3.jar;C:\Users\beatr\.m2\repository\org\eclipse\angus\jakarta.mail\2.0.3\jakarta.mail-2.0.3.jar;C:\Users\beatr\.m2\repository\org\eclipse\angus\angus-activation\2.0.2\angus-activation-2.0.2.jar;C:\Users\beatr\.m2\repository\org\springframework\security\spring-security-core\6.0.0\spring-security-core-6.0.0.jar;C:\Users\beatr\.m2\repository\org\springframework\security\spring-security-crypto\6.4.3\spring-security-crypto-6.4.3.jar;C:\Users\beatr\.m2\repository\org\springframework\spring-beans\6.2.3\spring-beans-6.2.3.jar;C:\Users\beatr\.m2\repository\org\springframework\spring-context\6.2.3\spring-context-6.2.3.jar;C:\Users\beatr\.m2\repository\org\springframework\spring-expression\6.2.3\spring-expression-6.2.3.jar;C:\Users\beatr\.m2\repository\io\micrometer\micrometer-observation\1.14.4\micrometer-observation-1.14.4.jar;C:\Users\beatr\.m2\repository\io\micrometer\micrometer-commons\1.14.4\micrometer-commons-1.14.4.jar;C:\Users\beatr\.m2\repository\org\springframework\security\spring-security-config\6.0.0\spring-security-config-6.0.0.jar;C:\Users\beatr\.m2\repository\org\springframework\security\spring-security-web\6.0.0\spring-security-web-6.0.0.jar;C:\Users\beatr\.m2\repository\org\springframework\security\spring-security-oauth2-client\6.0.0\spring-security-oauth2-client-6.0.0.jar;C:\Users\beatr\.m2\repository\org\springframework\security\spring-security-oauth2-core\6.4.3\spring-security-oauth2-core-6.4.3.jar;C:\Users\beatr\.m2\repository\com\nimbusds\oauth2-oidc-sdk\9.43.1\oauth2-oidc-sdk-9.43.1.jar;C:\Users\beatr\.m2\repository\com\github\stephenc\jcip\jcip-annotations\1.0-1\jcip-annotations-1.0-1.jar;C:\Users\beatr\.m2\repository\com\nimbusds\content-type\2.2\content-type-2.2.jar;C:\Users\beatr\.m2\repository\com\nimbusds\lang-tag\1.7\lang-tag-1.7.jar;C:\Users\beatr\.m2\repository\com\nimbusds\nimbus-jose-jwt\9.24.4\nimbus-jose-jwt-9.24.4.jar
Launcher Type: SUN_STANDARD

[Global flags]
     intx CICompilerCount                          = 4                                         {product} {ergonomic}
     uint ConcGCThreads                            = 3                                         {product} {ergonomic}
     bool FlightRecorder                           = true                                      {product} {management}
     uint G1ConcRefinementThreads                  = 10                                        {product} {ergonomic}
   size_t G1HeapRegionSize                         = 4194304                                   {product} {ergonomic}
   size_t InitialHeapSize                          = 536870912                                 {product} {ergonomic}
     bool ManagementServer                         = true                                      {product} {command line}
   size_t MarkStackSize                            = 4194304                                   {product} {ergonomic}
   size_t MarkStackSizeMax                         = 536870912                                 {product} {ergonomic}
   size_t MaxHeapSize                              = 8535408640                                {product} {ergonomic}
   size_t MaxNewSize                               = 5121245184                                {product} {ergonomic}
   size_t MinHeapDeltaBytes                        = 4194304                                   {product} {ergonomic}
   size_t MinHeapSize                              = 8388608                                   {product} {ergonomic}
    uintx NonNMethodCodeHeapSize                   = 4096                                   {pd product} {ergonomic}
    uintx NonProfiledCodeHeapSize                  = 0                                      {pd product} {ergonomic}
     bool ProfileInterpreter                       = false                                  {pd product} {command line}
    uintx ProfiledCodeHeapSize                     = 0                                      {pd product} {ergonomic}
   size_t SoftMaxHeapSize                          = 8535408640                             {manageable} {ergonomic}
     intx TieredStopAtLevel                        = 1                                         {product} {command line}
     bool UseCompressedOops                        = true                           {product lp64_product} {ergonomic}
     bool UseG1GC                                  = true                                      {product} {ergonomic}
     bool UseLargePagesIndividualAllocation        = false                                  {pd product} {ergonomic}

Logging:
Log output configuration:
 #0: stdout all=warning uptime,level,tags foldmultilines=false
 #1: stderr all=off uptime,level,tags foldmultilines=false

Environment Variables:
JAVA_HOME=C:\Program Files\Java\jdk-17.0.5
PATH=C:\Program Files\Microsoft\jdk-11.0.12.7-hotspot\bin;C:\Program Files\Common Files\Oracle\Java\javapath;C:\WINDOWS\system32;C:\WINDOWS;C:\WINDOWS\System32\Wbem;C:\WINDOWS\System32\WindowsPowerShell\v1.0\;C:\WINDOWS\System32\OpenSSH\;C:\Program Files\dotnet\;C:\Program Files\Java\jdk-17.0.5\bin;C:\Users\beatr\AppData\Local\Pub\Cache\bin;C:\Program Files\Git\cmd;C:\Users\beatr\AppData\Local\Programs\Python\Launcher\;C:\Users\beatr\AppData\Local\Microsoft\WindowsApps;C:\Users\beatr\AppData\Local\Programs\Microsoft VS Code\bin;C:\Users\beatr\.dotnet\tools;C:\Windows\Microsoft.NET\Framework64\v4.0.30319;C:\src\flutter\bin;C:\Program Files\JetBrains\PyCharm 2023.1.2\bin;;C:\Program Files\JetBrains\IntelliJ IDEA 2024.3\bin;;C:\Program Files (x86)\MongoDB Atlas CLI\
USERNAME=beatr
OS=Windows_NT
PROCESSOR_IDENTIFIER=Intel64 Family 6 Model 151 Stepping 5, GenuineIntel
TMP=C:\Users\beatr\AppData\Local\Temp
TEMP=C:\Users\beatr\AppData\Local\Temp




Periodic native trim disabled

---------------  S Y S T E M  ---------------

OS:
 Windows 11 , 64 bit Build 26100 (10.0.26100.3912)
OS uptime: 0 days 0:32 hours

CPU: total 12 (initial active 12) (6 cores per cpu, 2 threads per core) family 6 model 151 stepping 5 microcode 0x15, cx8, cmov, fxsr, ht, mmx, 3dnowpref, sse, sse2, sse3, ssse3, sse4.1, sse4.2, popcnt, lzcnt, tsc, tscinvbit, avx, avx2, aes, erms, clmul, bmi1, bmi2, adx, sha, fma, vzeroupper, clflush, clflushopt, clwb, serialize, rdtscp, rdpid, fsrm, gfni, f16c, pku, cet_ibt, cet_ss
Processor Information for the first 12 processors :
  Max Mhz: 2500, Current Mhz: 2500, Mhz Limit: 2500

Memory: 4k page, system-wide physical 32559M (21707M free)
TotalPageFile size 34607M (AvailPageFile size 20055M)
current process WorkingSet (physical memory assigned to process): 95M, peak: 95M
current process commit charge ("private bytes"): 657M, peak: 659M

vm_info: OpenJDK 64-Bit Server VM (24.0.1+9-30) for windows-amd64 JRE (24.0.1+9-30), built on 2025-03-05T07:23:45Z with MS VC++ 17.6 (VS2022)

END.
